mode: set
gotemplate/Exercises/2.Basics/2/main.go:5.13,7.2 1 0
gotemplate/Exercises/2.Basics/2/main.go:9.38,11.20 2 1
gotemplate/Exercises/2.Basics/2/main.go:15.2,15.36 1 1
gotemplate/Exercises/2.Basics/2/main.go:25.2,25.13 1 1
gotemplate/Exercises/2.Basics/2/main.go:11.20,13.3 1 1
gotemplate/Exercises/2.Basics/2/main.go:15.36,17.26 2 1
gotemplate/Exercises/2.Basics/2/main.go:17.26,18.30 1 1
gotemplate/Exercises/2.Basics/2/main.go:21.4,21.11 1 1
gotemplate/Exercises/2.Basics/2/main.go:18.30,20.5 1 1
